c:\users\ramy.zhang\documents\code\ubi-next-2024\gametest\x64\debug\ruangame.pch
c:\users\ramy.zhang\documents\code\ubi-next-2024\gametest\x64\debug\vc143.pdb
c:\users\ramy.zhang\documents\code\ubi-next-2024\gametest\x64\debug\vc143.idb
c:\users\ramy.zhang\documents\code\ubi-next-2024\gametest\x64\debug\stdafx.obj
c:\users\ramy.zhang\documents\code\ubi-next-2024\gametest\x64\debug\stb_image.obj
c:\users\ramy.zhang\documents\code\ubi-next-2024\gametest\x64\debug\miniaudio.obj
c:\users\ramy.zhang\documents\code\ubi-next-2024\gametest\x64\debug\gametest.obj
c:\users\ramy.zhang\documents\code\ubi-next-2024\gametest\x64\debug\simplesprite.obj
c:\users\ramy.zhang\documents\code\ubi-next-2024\gametest\x64\debug\simplesound.obj
c:\users\ramy.zhang\documents\code\ubi-next-2024\gametest\x64\debug\simplecontroller.obj
c:\users\ramy.zhang\documents\code\ubi-next-2024\gametest\x64\debug\main.obj
c:\users\ramy.zhang\documents\code\ubi-next-2024\gametest\x64\debug\app.obj
c:\users\ramy.zhang\documents\code\ubi-next-2024\x64\debug\ruangame.exe
c:\users\ramy.zhang\documents\code\ubi-next-2024\x64\debug\ruangame.pdb
c:\users\ramy.zhang\documents\code\ubi-next-2024\gametest\x64\debug\ruangame.ilk
c:\users\ramy.zhang\documents\code\ubi-next-2024\ruangame\x64\debug\app.obj
c:\users\ramy.zhang\documents\code\ubi-next-2024\ruangame\x64\debug\gametest.obj
c:\users\ramy.zhang\documents\code\ubi-next-2024\ruangame\x64\debug\main.obj
c:\users\ramy.zhang\documents\code\ubi-next-2024\ruangame\x64\debug\miniaudio.obj
c:\users\ramy.zhang\documents\code\ubi-next-2024\ruangame\x64\debug\simplecontroller.obj
c:\users\ramy.zhang\documents\code\ubi-next-2024\ruangame\x64\debug\simplesound.obj
c:\users\ramy.zhang\documents\code\ubi-next-2024\ruangame\x64\debug\simplesprite.obj
c:\users\ramy.zhang\documents\code\ubi-next-2024\ruangame\x64\debug\stb_image.obj
c:\users\ramy.zhang\documents\code\ubi-next-2024\ruangame\x64\debug\stdafx.obj
c:\users\ramy.zhang\documents\code\ubi-next-2024\ruangame\x64\debug\ruangame.ilk
c:\users\ramy.zhang\documents\code\ubi-next-2024\ruangame\x64\debug\ruangame.pch
c:\users\ramy.zhang\documents\code\ubi-next-2024\ruangame\x64\debug\vc143.idb
c:\users\ramy.zhang\documents\code\ubi-next-2024\ruangame\x64\debug\vc143.pdb
c:\users\ramy.zhang\documents\code\ubi-next-2024\ruangame\x64\debug\ruangame.tlog\cl.command.1.tlog
c:\users\ramy.zhang\documents\code\ubi-next-2024\ruangame\x64\debug\ruangame.tlog\cl.items.tlog
c:\users\ramy.zhang\documents\code\ubi-next-2024\ruangame\x64\debug\ruangame.tlog\cl.read.1.tlog
c:\users\ramy.zhang\documents\code\ubi-next-2024\ruangame\x64\debug\ruangame.tlog\cl.write.1.tlog
c:\users\ramy.zhang\documents\code\ubi-next-2024\ruangame\x64\debug\ruangame.tlog\link.command.1.tlog
c:\users\ramy.zhang\documents\code\ubi-next-2024\ruangame\x64\debug\ruangame.tlog\link.read.1.tlog
c:\users\ramy.zhang\documents\code\ubi-next-2024\ruangame\x64\debug\ruangame.tlog\link.secondary.1.tlog
c:\users\ramy.zhang\documents\code\ubi-next-2024\ruangame\x64\debug\ruangame.tlog\link.write.1.tlog
